<?xml version="1.0" encoding="UTF-8"?>
<robot generator="Robot 4.1 (Python 3.9.6 on win32)" generated="20210831 10:32:20.751" rpa="false" schemaversion="2">
<suite id="s1" name="TesteCadastrarCurriculo" source="C:\Users\Aline\Desktop\teste-prime\tests\TesteCadastrarCurriculo.robot">
<test id="s1-t1" name="Caso de Teste 01: Cadastrar Curriculo com Sucesso">
<kw name="Abrir navegador" library="Resource" type="SETUP">
<kw name="Open Browser" library="SeleniumLibrary">
<arg>about:blank</arg>
<arg>${BROWSER}</arg>
<doc>Opens a new browser instance to the optional ``url``.</doc>
<msg timestamp="20210831 10:32:22.636" level="INFO">Opening browser 'chrome' to base url 'about:blank'.</msg>
<status status="PASS" starttime="20210831 10:32:22.636" endtime="20210831 10:32:29.309"/>
</kw>
<status status="PASS" starttime="20210831 10:32:22.636" endtime="20210831 10:32:29.310"/>
</kw>
<kw name="Acessar a pagina home do site" library="Resource">
<kw name="Go To" library="SeleniumLibrary">
<arg>${URL}</arg>
<doc>Navigates the current browser window to the provided ``url``.</doc>
<msg timestamp="20210831 10:32:29.312" level="INFO">Opening url 'https://www.primecontrol.com.br/'</msg>
<status status="PASS" starttime="20210831 10:32:29.311" endtime="20210831 10:32:40.478"/>
</kw>
<kw name="Maximize Browser Window" library="SeleniumLibrary">
<doc>Maximizes current browser window.</doc>
<status status="PASS" starttime="20210831 10:32:40.478" endtime="20210831 10:32:40.608"/>
</kw>
<kw name="Title Should Be" library="SeleniumLibrary">
<arg>Prime Control - Experts em Qualidade Digital</arg>
<doc>Verifies that the current page title equals ``title``.</doc>
<msg timestamp="20210831 10:32:40.705" level="INFO">Page title is 'Prime Control - Experts em Qualidade Digital'.</msg>
<status status="PASS" starttime="20210831 10:32:40.609" endtime="20210831 10:32:40.706"/>
</kw>
<status status="PASS" starttime="20210831 10:32:29.311" endtime="20210831 10:32:40.707"/>
</kw>
<kw name="Entrar a pagina trabalhe conosco" library="Resource">
<kw name="Click Element" library="SeleniumLibrary">
<arg>xpath=//*[@id="menu-item-875"]/a[text()="CONTATO"]</arg>
<doc>Click the element identified by ``locator``.</doc>
<msg timestamp="20210831 10:32:40.725" level="INFO">Clicking element 'xpath=//*[@id="menu-item-875"]/a[text()="CONTATO"]'.</msg>
<status status="PASS" starttime="20210831 10:32:40.724" endtime="20210831 10:32:40.854"/>
</kw>
<kw name="Click Element" library="SeleniumLibrary">
<arg>xpath=//*[@id="menu-item-2156"]/a</arg>
<doc>Click the element identified by ``locator``.</doc>
<msg timestamp="20210831 10:32:40.856" level="INFO">Clicking element 'xpath=//*[@id="menu-item-2156"]/a'.</msg>
<status status="PASS" starttime="20210831 10:32:40.855" endtime="20210831 10:32:43.241"/>
</kw>
<kw name="Wait Until Page Contains Element" library="SeleniumLibrary">
<arg>css:#logo &gt; img</arg>
<doc>Waits until the element ``locator`` appears on the current page.</doc>
<status status="PASS" starttime="20210831 10:32:43.241" endtime="20210831 10:32:43.262"/>
</kw>
<kw name="Title Should Be" library="SeleniumLibrary">
<arg>Trabalhe conosco - Prime Control</arg>
<doc>Verifies that the current page title equals ``title``.</doc>
<msg timestamp="20210831 10:32:43.281" level="INFO">Page title is 'Trabalhe conosco - Prime Control'.</msg>
<status status="PASS" starttime="20210831 10:32:43.262" endtime="20210831 10:32:43.281"/>
</kw>
<status status="PASS" starttime="20210831 10:32:40.719" endtime="20210831 10:32:43.283"/>
</kw>
<kw name="Clicar no botao cadastre seu currículo" library="Resource">
<kw name="Click Element" library="SeleniumLibrary">
<arg>css:#king-225823 &gt; div &gt; div:nth-child(2) &gt; div &gt; div:nth-child(3) &gt; a</arg>
<doc>Click the element identified by ``locator``.</doc>
<msg timestamp="20210831 10:32:43.285" level="INFO">Clicking element 'css:#king-225823 &gt; div &gt; div:nth-child(2) &gt; div &gt; div:nth-child(3) &gt; a'.</msg>
<status status="PASS" starttime="20210831 10:32:43.285" endtime="20210831 10:32:43.382"/>
</kw>
<status status="PASS" starttime="20210831 10:32:43.284" endtime="20210831 10:32:43.383"/>
</kw>
<kw name="Preencher campos solicitados dados básicos nome &quot;Aline Soares&quot; cargo &quot;Análista de testes Júnior&quot; pretensão &quot;3000&quot;" library="Resource" sourcename="Preencher campos solicitados dados básicos nome &quot;${NOME}&quot; cargo &quot;${CARGO}&quot; pretensão &quot;${PRETENSAO_SALARIAL}&quot;">
<kw name="Switch Window" library="SeleniumLibrary">
<arg>Cadastre seu currículo- Prime Control</arg>
<doc>Switches to browser window matching ``locator``.</doc>
<status status="PASS" starttime="20210831 10:32:43.391" endtime="20210831 10:32:48.180"/>
</kw>
<kw name="Input Text" library="SeleniumLibrary">
<arg>css:#name</arg>
<arg>${NOME}</arg>
<doc>Types the given ``text`` into the text field identified by ``locator``.</doc>
<msg timestamp="20210831 10:32:48.181" level="INFO">Typing text 'Aline Soares' into text field 'css:#name'.</msg>
<status status="PASS" starttime="20210831 10:32:48.180" endtime="20210831 10:32:48.310"/>
</kw>
<kw name="Input Text" library="SeleniumLibrary">
<arg>id=headline</arg>
<arg>${CARGO}</arg>
<doc>Types the given ``text`` into the text field identified by ``locator``.</doc>
<msg timestamp="20210831 10:32:48.311" level="INFO">Typing text 'Análista de testes Júnior' into text field 'id=headline'.</msg>
<status status="PASS" starttime="20210831 10:32:48.310" endtime="20210831 10:32:48.472"/>
</kw>
<kw name="Input Text" library="SeleniumLibrary">
<arg>id=salary</arg>
<arg>${PRETENSAO_SALARIAL}</arg>
<doc>Types the given ``text`` into the text field identified by ``locator``.</doc>
<msg timestamp="20210831 10:32:48.473" level="INFO">Typing text '3000' into text field 'id=salary'.</msg>
<status status="PASS" starttime="20210831 10:32:48.472" endtime="20210831 10:32:48.569"/>
</kw>
<status status="PASS" starttime="20210831 10:32:43.389" endtime="20210831 10:32:48.569"/>
</kw>
<kw name="Preencher campos solicitados contatos email &quot;aline.as385@gmail.com&quot; cargo &quot;40436671&quot;" library="Resource" sourcename="Preencher campos solicitados contatos email &quot;${EMAIL}&quot; cargo &quot;${TELEFONE}&quot;">
<kw name="Input Text" library="SeleniumLibrary">
<arg>id=email</arg>
<arg>${EMAIL}</arg>
<doc>Types the given ``text`` into the text field identified by ``locator``.</doc>
<msg timestamp="20210831 10:32:48.571" level="INFO">Typing text 'aline.as385@gmail.com' into text field 'id=email'.</msg>
<status status="PASS" starttime="20210831 10:32:48.570" endtime="20210831 10:32:48.756"/>
</kw>
<kw name="Input Text" library="SeleniumLibrary">
<arg>id=phone-0</arg>
<arg>${TELEFONE}</arg>
<doc>Types the given ``text`` into the text field identified by ``locator``.</doc>
<msg timestamp="20210831 10:32:48.757" level="INFO">Typing text '40436671' into text field 'id=phone-0'.</msg>
<status status="PASS" starttime="20210831 10:32:48.756" endtime="20210831 10:32:48.852"/>
</kw>
<status status="PASS" starttime="20210831 10:32:48.569" endtime="20210831 10:32:48.853"/>
</kw>
<kw name="Preencher campos solicitados endereço pais &quot;Brasil&quot; Estado &quot;São Paulo&quot; cidade &quot;Diadema&quot; Bairro &quot;Eldorado&quot; endereço &quot;Rua das avencas&quot; CEP &quot;09973010&quot;" library="Resource" sourcename="Preencher campos solicitados endereço pais &quot;${PAIS}&quot; Estado &quot;${ESTADO}&quot; cidade &quot;${CIDADE}&quot; Bairro &quot;${BAIRRO}&quot; endereço &quot;${ENDEREÇO}&quot; CEP &quot;${CEP}&quot;">
<kw name="Select From List By Label" library="SeleniumLibrary">
<arg>id=country</arg>
<arg>${PAIS}</arg>
<doc>Selects options from selection list ``locator`` by ``labels``.</doc>
<msg timestamp="20210831 10:32:48.854" level="INFO">Selecting options from selection list 'id=country' by label Brasil.</msg>
<status status="PASS" starttime="20210831 10:32:48.854" endtime="20210831 10:32:48.941"/>
</kw>
<kw name="Input Text" library="SeleniumLibrary">
<arg>id=region</arg>
<arg>${ESTADO}</arg>
<doc>Types the given ``text`` into the text field identified by ``locator``.</doc>
<msg timestamp="20210831 10:32:48.942" level="INFO">Typing text 'São Paulo' into text field 'id=region'.</msg>
<status status="PASS" starttime="20210831 10:32:48.941" endtime="20210831 10:32:49.055"/>
</kw>
<kw name="Input Text" library="SeleniumLibrary">
<arg>id=city</arg>
<arg>${CIDADE}</arg>
<doc>Types the given ``text`` into the text field identified by ``locator``.</doc>
<msg timestamp="20210831 10:32:49.055" level="INFO">Typing text 'Diadema' into text field 'id=city'.</msg>
<status status="PASS" starttime="20210831 10:32:49.055" endtime="20210831 10:32:49.175"/>
</kw>
<kw name="Input Text" library="SeleniumLibrary">
<arg>id=neighborhood</arg>
<arg>${BAIRRO}</arg>
<doc>Types the given ``text`` into the text field identified by ``locator``.</doc>
<msg timestamp="20210831 10:32:49.175" level="INFO">Typing text 'Eldorado' into text field 'id=neighborhood'.</msg>
<status status="PASS" starttime="20210831 10:32:49.175" endtime="20210831 10:32:49.277"/>
</kw>
<kw name="Input Text" library="SeleniumLibrary">
<arg>id=address</arg>
<arg>${ENDEREÇO}</arg>
<doc>Types the given ``text`` into the text field identified by ``locator``.</doc>
<msg timestamp="20210831 10:32:49.278" level="INFO">Typing text 'Rua das avencas' into text field 'id=address'.</msg>
<status status="PASS" starttime="20210831 10:32:49.278" endtime="20210831 10:32:49.397"/>
</kw>
<kw name="Input Text" library="SeleniumLibrary">
<arg>id=zipcode</arg>
<arg>${CEP}</arg>
<doc>Types the given ``text`` into the text field identified by ``locator``.</doc>
<msg timestamp="20210831 10:32:49.398" level="INFO">Typing text '09973010' into text field 'id=zipcode'.</msg>
<status status="PASS" starttime="20210831 10:32:49.397" endtime="20210831 10:32:49.506"/>
</kw>
<status status="PASS" starttime="20210831 10:32:48.853" endtime="20210831 10:32:49.506"/>
</kw>
<kw name="Preencher resumo &quot;Olá sou Aline&quot;" library="Resource" sourcename="Preencher resumo ${RESUMO}">
<kw name="Input Text" library="SeleniumLibrary">
<arg>id=summary</arg>
<arg>${RESUMO}</arg>
<doc>Types the given ``text`` into the text field identified by ``locator``.</doc>
<msg timestamp="20210831 10:32:49.508" level="INFO">Typing text '"Olá sou Aline"' into text field 'id=summary'.</msg>
<status status="PASS" starttime="20210831 10:32:49.507" endtime="20210831 10:32:49.619"/>
</kw>
<status status="PASS" starttime="20210831 10:32:49.507" endtime="20210831 10:32:49.619"/>
</kw>
<kw name="Preencher campos formação nivel &quot;Tecnólogo&quot; Curso &quot;Análise e Desenvolvimento de Sistemas&quot; Instituição &quot;Fatec Ipiranga&quot; Período &quot;2019&quot; &quot;Agosto&quot; &quot;2021&quot; &quot;Junho&quot;" library="Resource" sourcename="Preencher campos formação nivel &quot;${FORMACAO}&quot; Curso &quot;${CURSO}&quot; Instituição &quot;${INSTITUICAO}&quot; Período &quot;${ANO_INI}&quot; &quot;${MES_INI}&quot; &quot;${ANO_FIM}&quot; &quot;${MES_FIM}&quot;">
<kw name="Click Element" library="SeleniumLibrary">
<arg>xpath=//*[@id="__layout"]//fieldset[5]//button[text()="+ Adicionar formação"]</arg>
<doc>Click the element identified by ``locator``.</doc>
<msg timestamp="20210831 10:32:49.621" level="INFO">Clicking element 'xpath=//*[@id="__layout"]//fieldset[5]//button[text()="+ Adicionar formação"]'.</msg>
<status status="PASS" starttime="20210831 10:32:49.621" endtime="20210831 10:32:49.690"/>
</kw>
<kw name="Wait Until Element Is Visible" library="SeleniumLibrary">
<arg>xpath=//*[@id="__layout"]//fieldset[5]/div[2]</arg>
<doc>Waits until the element ``locator`` is visible.</doc>
<status status="PASS" starttime="20210831 10:32:49.691" endtime="20210831 10:32:49.728"/>
</kw>
<kw name="Select From List By Label" library="SeleniumLibrary">
<arg>id=education_degree-0</arg>
<arg>${FORMACAO}</arg>
<doc>Selects options from selection list ``locator`` by ``labels``.</doc>
<msg timestamp="20210831 10:32:49.729" level="INFO">Selecting options from selection list 'id=education_degree-0' by label Tecnólogo.</msg>
<status status="PASS" starttime="20210831 10:32:49.729" endtime="20210831 10:32:49.818"/>
</kw>
<kw name="Input Text" library="SeleniumLibrary">
<arg>id=course-0</arg>
<arg>${CURSO}</arg>
<doc>Types the given ``text`` into the text field identified by ``locator``.</doc>
<msg timestamp="20210831 10:32:49.818" level="INFO">Typing text 'Análise e Desenvolvimento de Sistemas' into text field 'id=course-0'.</msg>
<status status="PASS" starttime="20210831 10:32:49.818" endtime="20210831 10:32:49.962"/>
</kw>
<kw name="Input Text" library="SeleniumLibrary">
<arg>id=institution-0</arg>
<arg>${INSTITUICAO}</arg>
<doc>Types the given ``text`` into the text field identified by ``locator``.</doc>
<msg timestamp="20210831 10:32:49.963" level="INFO">Typing text 'Fatec Ipiranga' into text field 'id=institution-0'.</msg>
<status status="PASS" starttime="20210831 10:32:49.962" endtime="20210831 10:32:50.074"/>
</kw>
<kw name="Click Element" library="SeleniumLibrary">
<arg>css:#__layout &gt; div &gt; div &gt; section &gt; div &gt; div &gt; form &gt; fieldset:nth-child(6) &gt; div.col-md-9 &gt; div &gt; div &gt; div &gt; div:nth-child(5) &gt; div &gt; div &gt; div:nth-child(1) &gt; div &gt; div &gt; div.input-group &gt; input</arg>
<doc>Click the element identified by ``locator``.</doc>
<msg timestamp="20210831 10:32:50.074" level="INFO">Clicking element 'css:#__layout &gt; div &gt; div &gt; section &gt; div &gt; div &gt; form &gt; fieldset:nth-child(6) &gt; div.col-md-9 &gt; div &gt; div &gt; div &gt; div:nth-child(5) &gt; div &gt; div &gt; div:nth-child(1) &gt; div &gt; div &gt; div.input-group &gt; input'.</msg>
<status status="PASS" starttime="20210831 10:32:50.074" endtime="20210831 10:32:50.125"/>
</kw>
<kw name="Click Element" library="SeleniumLibrary">
<arg>xpath=//*[@id="__layout"]/div/div/section/div/div/form/fieldset[5]/div[2]/div/div/div/div[4]/div/div/div[1]/div/div/div[3]/header/span[1]</arg>
<doc>Click the element identified by ``locator``.</doc>
<msg timestamp="20210831 10:32:50.126" level="INFO">Clicking element 'xpath=//*[@id="__layout"]/div/div/section/div/div/form/fieldset[5]/div[2]/div/div/div/div[4]/div/div/div[1]/div/div/div[3]/header/span[1]'.</msg>
<status status="PASS" starttime="20210831 10:32:50.126" endtime="20210831 10:32:50.183"/>
</kw>
<kw name="Click Element" library="SeleniumLibrary">
<arg>xpath=//*[@id="__layout"]//fieldset[5]//span[text()="2018"]</arg>
<doc>Click the element identified by ``locator``.</doc>
<msg timestamp="20210831 10:32:50.183" level="INFO">Clicking element 'xpath=//*[@id="__layout"]//fieldset[5]//span[text()="2018"]'.</msg>
<status status="PASS" starttime="20210831 10:32:50.183" endtime="20210831 10:32:50.223"/>
</kw>
<kw name="Click Element" library="SeleniumLibrary">
<arg>xpath=//*[@id="__layout"]//fieldset[5]//span[text()="Agosto"]</arg>
<doc>Click the element identified by ``locator``.</doc>
<msg timestamp="20210831 10:32:50.224" level="INFO">Clicking element 'xpath=//*[@id="__layout"]//fieldset[5]//span[text()="Agosto"]'.</msg>
<status status="PASS" starttime="20210831 10:32:50.223" endtime="20210831 10:32:50.272"/>
</kw>
<kw name="Click Element" library="SeleniumLibrary">
<arg>id=incomplete-0</arg>
<doc>Click the element identified by ``locator``.</doc>
<msg timestamp="20210831 10:32:50.272" level="INFO">Clicking element 'id=incomplete-0'.</msg>
<status status="PASS" starttime="20210831 10:32:50.272" endtime="20210831 10:32:50.325"/>
</kw>
<status status="PASS" starttime="20210831 10:32:49.620" endtime="20210831 10:32:50.325"/>
</kw>
<kw name="Preencher redes sociais github &quot;https://github.com/Aline595&quot;" library="Resource" sourcename="Preencher redes sociais github &quot;${GITHUB}&quot;">
<kw name="Click Element" library="SeleniumLibrary">
<arg>css:#__layout &gt; div &gt; div &gt; section &gt; div &gt; div &gt; form &gt; fieldset:nth-child(8) &gt; div.col-md-9 &gt; div &gt; button</arg>
<doc>Click the element identified by ``locator``.</doc>
<msg timestamp="20210831 10:32:50.327" level="INFO">Clicking element 'css:#__layout &gt; div &gt; div &gt; section &gt; div &gt; div &gt; form &gt; fieldset:nth-child(8) &gt; div.col-md-9 &gt; div &gt; button'.</msg>
<status status="PASS" starttime="20210831 10:32:50.326" endtime="20210831 10:32:50.373"/>
</kw>
<kw name="Input Text" library="SeleniumLibrary">
<arg>css:#__layout &gt; div &gt; div &gt; section &gt; div &gt; div &gt; form &gt; fieldset:nth-child(8) &gt; div.col-md-9 &gt; div &gt; div &gt; div &gt; div &gt; div.flex-grow-1.mr-1 &gt; input</arg>
<arg>${GITHUB}</arg>
<doc>Types the given ``text`` into the text field identified by ``locator``.</doc>
<msg timestamp="20210831 10:32:50.375" level="INFO">Typing text 'https://github.com/Aline595' into text field 'css:#__layout &gt; div &gt; div &gt; section &gt; div &gt; div &gt; form &gt; fieldset:nth-child(8) &gt; div.col-md-9 &gt; div &gt; div &gt; div &gt; div &gt; div.flex-grow-1.mr-1 &gt; input'.</msg>
<status status="PASS" starttime="20210831 10:32:50.375" endtime="20210831 10:32:50.519"/>
</kw>
<status status="PASS" starttime="20210831 10:32:50.326" endtime="20210831 10:32:50.519"/>
</kw>
<kw name="Adicionar arquivo curriculo" library="Resource">
<kw name="Choose File" library="SeleniumLibrary">
<arg>css:#validatedCustomFile</arg>
<arg>${FILE}</arg>
<doc>Inputs the ``file_path`` into the file input field ``locator``.</doc>
<msg timestamp="20210831 10:32:50.521" level="INFO">Sending C:\Users\Aline\Desktop\cv-aline-soares.pdf to browser.</msg>
<status status="PASS" starttime="20210831 10:32:50.521" endtime="20210831 10:32:50.565"/>
</kw>
<kw name="Wait Until Element Is Visible" library="SeleniumLibrary">
<arg>xpath=//*[@id="__layout"]//div[@class="alert alert-warning"]</arg>
<doc>Waits until the element ``locator`` is visible.</doc>
<status status="PASS" starttime="20210831 10:32:50.565" endtime="20210831 10:32:51.031"/>
</kw>
<status status="PASS" starttime="20210831 10:32:50.520" endtime="20210831 10:32:51.031"/>
</kw>
<kw name="Clicar no botão Finalizar" library="Resource">
<kw name="Click Button" library="SeleniumLibrary">
<arg>xpath=//*[@id="__layout"]//button[@type="submit"]</arg>
<doc>Clicks the button identified by ``locator``.</doc>
<msg timestamp="20210831 10:32:51.033" level="INFO">Clicking button 'xpath=//*[@id="__layout"]//button[@type="submit"]'.</msg>
<status status="PASS" starttime="20210831 10:32:51.032" endtime="20210831 10:32:51.126"/>
</kw>
<status status="PASS" starttime="20210831 10:32:51.032" endtime="20210831 10:32:51.127"/>
</kw>
<kw name="Conferir se o curriculo foi cadastrado" library="Resource">
<kw name="Wait Until Element Is Visible" library="SeleniumLibrary">
<arg>xpath=//*[@id="__layout"]//h2</arg>
<doc>Waits until the element ``locator`` is visible.</doc>
<status status="PASS" starttime="20210831 10:32:51.128" endtime="20210831 10:32:51.584"/>
</kw>
<kw name="Element Text Should Be" library="SeleniumLibrary">
<arg>xpath=//*[@id="__layout"]//h2/span</arg>
<arg>com sucesso</arg>
<doc>Verifies that element ``locator`` contains exact the text ``expected``.</doc>
<msg timestamp="20210831 10:32:51.585" level="INFO">Verifying element 'xpath=//*[@id="__layout"]//h2/span' contains exact text 'com sucesso'.</msg>
<status status="PASS" starttime="20210831 10:32:51.584" endtime="20210831 10:32:51.607"/>
</kw>
<status status="PASS" starttime="20210831 10:32:51.127" endtime="20210831 10:32:51.607"/>
</kw>
<kw name="Fechar navegador" library="Resource" type="TEARDOWN">
<kw name="Close Browser" library="SeleniumLibrary">
<doc>Closes the current browser.</doc>
<status status="PASS" starttime="20210831 10:32:51.608" endtime="20210831 10:32:55.432"/>
</kw>
<status status="PASS" starttime="20210831 10:32:51.608" endtime="20210831 10:32:55.432"/>
</kw>
<status status="PASS" starttime="20210831 10:32:22.635" endtime="20210831 10:32:55.433"/>
</test>
<test id="s1-t2" name="Caso de Teste 02: Cadastrar Curriculo faltando arquivo curriculo">
<kw name="Abrir navegador" library="Resource" type="SETUP">
<kw name="Open Browser" library="SeleniumLibrary">
<arg>about:blank</arg>
<arg>${BROWSER}</arg>
<doc>Opens a new browser instance to the optional ``url``.</doc>
<msg timestamp="20210831 10:32:55.436" level="INFO">Opening browser 'chrome' to base url 'about:blank'.</msg>
<status status="PASS" starttime="20210831 10:32:55.435" endtime="20210831 10:32:57.761"/>
</kw>
<status status="PASS" starttime="20210831 10:32:55.435" endtime="20210831 10:32:57.761"/>
</kw>
<kw name="Acessar a pagina home do site" library="Resource">
<kw name="Go To" library="SeleniumLibrary">
<arg>${URL}</arg>
<doc>Navigates the current browser window to the provided ``url``.</doc>
<msg timestamp="20210831 10:32:57.767" level="INFO">Opening url 'https://www.primecontrol.com.br/'</msg>
<status status="PASS" starttime="20210831 10:32:57.766" endtime="20210831 10:33:02.584"/>
</kw>
<kw name="Maximize Browser Window" library="SeleniumLibrary">
<doc>Maximizes current browser window.</doc>
<status status="PASS" starttime="20210831 10:33:02.584" endtime="20210831 10:33:03.125"/>
</kw>
<kw name="Title Should Be" library="SeleniumLibrary">
<arg>Prime Control - Experts em Qualidade Digital</arg>
<doc>Verifies that the current page title equals ``title``.</doc>
<msg timestamp="20210831 10:33:03.206" level="INFO">Page title is 'Prime Control - Experts em Qualidade Digital'.</msg>
<status status="PASS" starttime="20210831 10:33:03.125" endtime="20210831 10:33:03.206"/>
</kw>
<status status="PASS" starttime="20210831 10:32:57.765" endtime="20210831 10:33:03.206"/>
</kw>
<kw name="Entrar a pagina trabalhe conosco" library="Resource">
<kw name="Click Element" library="SeleniumLibrary">
<arg>xpath=//*[@id="menu-item-875"]/a[text()="CONTATO"]</arg>
<doc>Click the element identified by ``locator``.</doc>
<msg timestamp="20210831 10:33:03.221" level="INFO">Clicking element 'xpath=//*[@id="menu-item-875"]/a[text()="CONTATO"]'.</msg>
<status status="PASS" starttime="20210831 10:33:03.220" endtime="20210831 10:33:03.504"/>
</kw>
<kw name="Click Element" library="SeleniumLibrary">
<arg>xpath=//*[@id="menu-item-2156"]/a</arg>
<doc>Click the element identified by ``locator``.</doc>
<msg timestamp="20210831 10:33:03.505" level="INFO">Clicking element 'xpath=//*[@id="menu-item-2156"]/a'.</msg>
<status status="PASS" starttime="20210831 10:33:03.504" endtime="20210831 10:33:05.448"/>
</kw>
<kw name="Wait Until Page Contains Element" library="SeleniumLibrary">
<arg>css:#logo &gt; img</arg>
<doc>Waits until the element ``locator`` appears on the current page.</doc>
<status status="PASS" starttime="20210831 10:33:05.448" endtime="20210831 10:33:05.464"/>
</kw>
<kw name="Title Should Be" library="SeleniumLibrary">
<arg>Trabalhe conosco - Prime Control</arg>
<doc>Verifies that the current page title equals ``title``.</doc>
<msg timestamp="20210831 10:33:05.468" level="INFO">Page title is 'Trabalhe conosco - Prime Control'.</msg>
<status status="PASS" starttime="20210831 10:33:05.464" endtime="20210831 10:33:05.469"/>
</kw>
<status status="PASS" starttime="20210831 10:33:03.220" endtime="20210831 10:33:05.469"/>
</kw>
<kw name="Clicar no botao cadastre seu currículo" library="Resource">
<kw name="Click Element" library="SeleniumLibrary">
<arg>css:#king-225823 &gt; div &gt; div:nth-child(2) &gt; div &gt; div:nth-child(3) &gt; a</arg>
<doc>Click the element identified by ``locator``.</doc>
<msg timestamp="20210831 10:33:05.471" level="INFO">Clicking element 'css:#king-225823 &gt; div &gt; div:nth-child(2) &gt; div &gt; div:nth-child(3) &gt; a'.</msg>
<status status="PASS" starttime="20210831 10:33:05.471" endtime="20210831 10:33:05.800"/>
</kw>
<status status="PASS" starttime="20210831 10:33:05.470" endtime="20210831 10:33:05.800"/>
</kw>
<kw name="Preencher campos solicitados dados básicos nome &quot;Aline Soares&quot; cargo &quot;Análista de testes Júnior&quot; pretensão &quot;3000&quot;" library="Resource" sourcename="Preencher campos solicitados dados básicos nome &quot;${NOME}&quot; cargo &quot;${CARGO}&quot; pretensão &quot;${PRETENSAO_SALARIAL}&quot;">
<kw name="Switch Window" library="SeleniumLibrary">
<arg>Cadastre seu currículo- Prime Control</arg>
<doc>Switches to browser window matching ``locator``.</doc>
<status status="PASS" starttime="20210831 10:33:05.802" endtime="20210831 10:33:07.350"/>
</kw>
<kw name="Input Text" library="SeleniumLibrary">
<arg>css:#name</arg>
<arg>${NOME}</arg>
<doc>Types the given ``text`` into the text field identified by ``locator``.</doc>
<msg timestamp="20210831 10:33:07.351" level="INFO">Typing text 'Aline Soares' into text field 'css:#name'.</msg>
<status status="PASS" starttime="20210831 10:33:07.350" endtime="20210831 10:33:07.516"/>
</kw>
<kw name="Input Text" library="SeleniumLibrary">
<arg>id=headline</arg>
<arg>${CARGO}</arg>
<doc>Types the given ``text`` into the text field identified by ``locator``.</doc>
<msg timestamp="20210831 10:33:07.517" level="INFO">Typing text 'Análista de testes Júnior' into text field 'id=headline'.</msg>
<status status="PASS" starttime="20210831 10:33:07.516" endtime="20210831 10:33:07.700"/>
</kw>
<kw name="Input Text" library="SeleniumLibrary">
<arg>id=salary</arg>
<arg>${PRETENSAO_SALARIAL}</arg>
<doc>Types the given ``text`` into the text field identified by ``locator``.</doc>
<msg timestamp="20210831 10:33:07.701" level="INFO">Typing text '3000' into text field 'id=salary'.</msg>
<status status="PASS" starttime="20210831 10:33:07.701" endtime="20210831 10:33:07.823"/>
</kw>
<status status="PASS" starttime="20210831 10:33:05.801" endtime="20210831 10:33:07.823"/>
</kw>
<kw name="Preencher campos solicitados contatos email &quot;aline.as385@gmail.com&quot; cargo &quot;40436671&quot;" library="Resource" sourcename="Preencher campos solicitados contatos email &quot;${EMAIL}&quot; cargo &quot;${TELEFONE}&quot;">
<kw name="Input Text" library="SeleniumLibrary">
<arg>id=email</arg>
<arg>${EMAIL}</arg>
<doc>Types the given ``text`` into the text field identified by ``locator``.</doc>
<msg timestamp="20210831 10:33:07.828" level="INFO">Typing text 'aline.as385@gmail.com' into text field 'id=email'.</msg>
<status status="PASS" starttime="20210831 10:33:07.825" endtime="20210831 10:33:08.013"/>
</kw>
<kw name="Input Text" library="SeleniumLibrary">
<arg>id=phone-0</arg>
<arg>${TELEFONE}</arg>
<doc>Types the given ``text`` into the text field identified by ``locator``.</doc>
<msg timestamp="20210831 10:33:08.014" level="INFO">Typing text '40436671' into text field 'id=phone-0'.</msg>
<status status="PASS" starttime="20210831 10:33:08.013" endtime="20210831 10:33:08.112"/>
</kw>
<status status="PASS" starttime="20210831 10:33:07.824" endtime="20210831 10:33:08.112"/>
</kw>
<kw name="Preencher campos solicitados endereço pais &quot;Brasil&quot; Estado &quot;São Paulo&quot; cidade &quot;Diadema&quot; Bairro &quot;Eldorado&quot; endereço &quot;Rua das avencas&quot; CEP &quot;09973010&quot;" library="Resource" sourcename="Preencher campos solicitados endereço pais &quot;${PAIS}&quot; Estado &quot;${ESTADO}&quot; cidade &quot;${CIDADE}&quot; Bairro &quot;${BAIRRO}&quot; endereço &quot;${ENDEREÇO}&quot; CEP &quot;${CEP}&quot;">
<kw name="Select From List By Label" library="SeleniumLibrary">
<arg>id=country</arg>
<arg>${PAIS}</arg>
<doc>Selects options from selection list ``locator`` by ``labels``.</doc>
<msg timestamp="20210831 10:33:08.115" level="INFO">Selecting options from selection list 'id=country' by label Brasil.</msg>
<status status="PASS" starttime="20210831 10:33:08.114" endtime="20210831 10:33:08.205"/>
</kw>
<kw name="Input Text" library="SeleniumLibrary">
<arg>id=region</arg>
<arg>${ESTADO}</arg>
<doc>Types the given ``text`` into the text field identified by ``locator``.</doc>
<msg timestamp="20210831 10:33:08.205" level="INFO">Typing text 'São Paulo' into text field 'id=region'.</msg>
<status status="PASS" starttime="20210831 10:33:08.205" endtime="20210831 10:33:08.315"/>
</kw>
<kw name="Input Text" library="SeleniumLibrary">
<arg>id=city</arg>
<arg>${CIDADE}</arg>
<doc>Types the given ``text`` into the text field identified by ``locator``.</doc>
<msg timestamp="20210831 10:33:08.317" level="INFO">Typing text 'Diadema' into text field 'id=city'.</msg>
<status status="PASS" starttime="20210831 10:33:08.316" endtime="20210831 10:33:08.423"/>
</kw>
<kw name="Input Text" library="SeleniumLibrary">
<arg>id=neighborhood</arg>
<arg>${BAIRRO}</arg>
<doc>Types the given ``text`` into the text field identified by ``locator``.</doc>
<msg timestamp="20210831 10:33:08.424" level="INFO">Typing text 'Eldorado' into text field 'id=neighborhood'.</msg>
<status status="PASS" starttime="20210831 10:33:08.423" endtime="20210831 10:33:08.521"/>
</kw>
<kw name="Input Text" library="SeleniumLibrary">
<arg>id=address</arg>
<arg>${ENDEREÇO}</arg>
<doc>Types the given ``text`` into the text field identified by ``locator``.</doc>
<msg timestamp="20210831 10:33:08.522" level="INFO">Typing text 'Rua das avencas' into text field 'id=address'.</msg>
<status status="PASS" starttime="20210831 10:33:08.522" endtime="20210831 10:33:08.631"/>
</kw>
<kw name="Input Text" library="SeleniumLibrary">
<arg>id=zipcode</arg>
<arg>${CEP}</arg>
<doc>Types the given ``text`` into the text field identified by ``locator``.</doc>
<msg timestamp="20210831 10:33:08.632" level="INFO">Typing text '09973010' into text field 'id=zipcode'.</msg>
<status status="PASS" starttime="20210831 10:33:08.631" endtime="20210831 10:33:08.732"/>
</kw>
<status status="PASS" starttime="20210831 10:33:08.113" endtime="20210831 10:33:08.732"/>
</kw>
<kw name="Preencher resumo &quot;Olá sou Aline&quot;" library="Resource" sourcename="Preencher resumo ${RESUMO}">
<kw name="Input Text" library="SeleniumLibrary">
<arg>id=summary</arg>
<arg>${RESUMO}</arg>
<doc>Types the given ``text`` into the text field identified by ``locator``.</doc>
<msg timestamp="20210831 10:33:08.734" level="INFO">Typing text '"Olá sou Aline"' into text field 'id=summary'.</msg>
<status status="PASS" starttime="20210831 10:33:08.733" endtime="20210831 10:33:08.848"/>
</kw>
<status status="PASS" starttime="20210831 10:33:08.732" endtime="20210831 10:33:08.849"/>
</kw>
<kw name="Preencher campos formação nivel &quot;Tecnólogo&quot; Curso &quot;Análise e Desenvolvimento de Sistemas&quot; Instituição &quot;Fatec Ipiranga&quot; Período &quot;2019&quot; &quot;Agosto&quot; &quot;2021&quot; &quot;Junho&quot;" library="Resource" sourcename="Preencher campos formação nivel &quot;${FORMACAO}&quot; Curso &quot;${CURSO}&quot; Instituição &quot;${INSTITUICAO}&quot; Período &quot;${ANO_INI}&quot; &quot;${MES_INI}&quot; &quot;${ANO_FIM}&quot; &quot;${MES_FIM}&quot;">
<kw name="Click Element" library="SeleniumLibrary">
<arg>xpath=//*[@id="__layout"]//fieldset[5]//button[text()="+ Adicionar formação"]</arg>
<doc>Click the element identified by ``locator``.</doc>
<msg timestamp="20210831 10:33:08.851" level="INFO">Clicking element 'xpath=//*[@id="__layout"]//fieldset[5]//button[text()="+ Adicionar formação"]'.</msg>
<status status="PASS" starttime="20210831 10:33:08.850" endtime="20210831 10:33:08.921"/>
</kw>
<kw name="Wait Until Element Is Visible" library="SeleniumLibrary">
<arg>xpath=//*[@id="__layout"]//fieldset[5]/div[2]</arg>
<doc>Waits until the element ``locator`` is visible.</doc>
<status status="PASS" starttime="20210831 10:33:08.922" endtime="20210831 10:33:08.967"/>
</kw>
<kw name="Select From List By Label" library="SeleniumLibrary">
<arg>id=education_degree-0</arg>
<arg>${FORMACAO}</arg>
<doc>Selects options from selection list ``locator`` by ``labels``.</doc>
<msg timestamp="20210831 10:33:08.967" level="INFO">Selecting options from selection list 'id=education_degree-0' by label Tecnólogo.</msg>
<status status="PASS" starttime="20210831 10:33:08.967" endtime="20210831 10:33:09.035"/>
</kw>
<kw name="Input Text" library="SeleniumLibrary">
<arg>id=course-0</arg>
<arg>${CURSO}</arg>
<doc>Types the given ``text`` into the text field identified by ``locator``.</doc>
<msg timestamp="20210831 10:33:09.036" level="INFO">Typing text 'Análise e Desenvolvimento de Sistemas' into text field 'id=course-0'.</msg>
<status status="PASS" starttime="20210831 10:33:09.035" endtime="20210831 10:33:09.183"/>
</kw>
<kw name="Input Text" library="SeleniumLibrary">
<arg>id=institution-0</arg>
<arg>${INSTITUICAO}</arg>
<doc>Types the given ``text`` into the text field identified by ``locator``.</doc>
<msg timestamp="20210831 10:33:09.183" level="INFO">Typing text 'Fatec Ipiranga' into text field 'id=institution-0'.</msg>
<status status="PASS" starttime="20210831 10:33:09.183" endtime="20210831 10:33:09.290"/>
</kw>
<kw name="Click Element" library="SeleniumLibrary">
<arg>css:#__layout &gt; div &gt; div &gt; section &gt; div &gt; div &gt; form &gt; fieldset:nth-child(6) &gt; div.col-md-9 &gt; div &gt; div &gt; div &gt; div:nth-child(5) &gt; div &gt; div &gt; div:nth-child(1) &gt; div &gt; div &gt; div.input-group &gt; input</arg>
<doc>Click the element identified by ``locator``.</doc>
<msg timestamp="20210831 10:33:09.291" level="INFO">Clicking element 'css:#__layout &gt; div &gt; div &gt; section &gt; div &gt; div &gt; form &gt; fieldset:nth-child(6) &gt; div.col-md-9 &gt; div &gt; div &gt; div &gt; div:nth-child(5) &gt; div &gt; div &gt; div:nth-child(1) &gt; div &gt; div &gt; div.input-group &gt; input'.</msg>
<status status="PASS" starttime="20210831 10:33:09.290" endtime="20210831 10:33:09.338"/>
</kw>
<kw name="Click Element" library="SeleniumLibrary">
<arg>xpath=//*[@id="__layout"]/div/div/section/div/div/form/fieldset[5]/div[2]/div/div/div/div[4]/div/div/div[1]/div/div/div[3]/header/span[1]</arg>
<doc>Click the element identified by ``locator``.</doc>
<msg timestamp="20210831 10:33:09.338" level="INFO">Clicking element 'xpath=//*[@id="__layout"]/div/div/section/div/div/form/fieldset[5]/div[2]/div/div/div/div[4]/div/div/div[1]/div/div/div[3]/header/span[1]'.</msg>
<status status="PASS" starttime="20210831 10:33:09.338" endtime="20210831 10:33:09.385"/>
</kw>
<kw name="Click Element" library="SeleniumLibrary">
<arg>xpath=//*[@id="__layout"]//fieldset[5]//span[text()="2018"]</arg>
<doc>Click the element identified by ``locator``.</doc>
<msg timestamp="20210831 10:33:09.385" level="INFO">Clicking element 'xpath=//*[@id="__layout"]//fieldset[5]//span[text()="2018"]'.</msg>
<status status="PASS" starttime="20210831 10:33:09.385" endtime="20210831 10:33:09.430"/>
</kw>
<kw name="Click Element" library="SeleniumLibrary">
<arg>xpath=//*[@id="__layout"]//fieldset[5]//span[text()="Agosto"]</arg>
<doc>Click the element identified by ``locator``.</doc>
<msg timestamp="20210831 10:33:09.430" level="INFO">Clicking element 'xpath=//*[@id="__layout"]//fieldset[5]//span[text()="Agosto"]'.</msg>
<status status="PASS" starttime="20210831 10:33:09.430" endtime="20210831 10:33:09.479"/>
</kw>
<kw name="Click Element" library="SeleniumLibrary">
<arg>id=incomplete-0</arg>
<doc>Click the element identified by ``locator``.</doc>
<msg timestamp="20210831 10:33:09.480" level="INFO">Clicking element 'id=incomplete-0'.</msg>
<status status="PASS" starttime="20210831 10:33:09.479" endtime="20210831 10:33:09.536"/>
</kw>
<status status="PASS" starttime="20210831 10:33:08.849" endtime="20210831 10:33:09.536"/>
</kw>
<kw name="Preencher redes sociais github &quot;https://github.com/Aline595&quot;" library="Resource" sourcename="Preencher redes sociais github &quot;${GITHUB}&quot;">
<kw name="Click Element" library="SeleniumLibrary">
<arg>css:#__layout &gt; div &gt; div &gt; section &gt; div &gt; div &gt; form &gt; fieldset:nth-child(8) &gt; div.col-md-9 &gt; div &gt; button</arg>
<doc>Click the element identified by ``locator``.</doc>
<msg timestamp="20210831 10:33:09.538" level="INFO">Clicking element 'css:#__layout &gt; div &gt; div &gt; section &gt; div &gt; div &gt; form &gt; fieldset:nth-child(8) &gt; div.col-md-9 &gt; div &gt; button'.</msg>
<status status="PASS" starttime="20210831 10:33:09.538" endtime="20210831 10:33:09.589"/>
</kw>
<kw name="Input Text" library="SeleniumLibrary">
<arg>css:#__layout &gt; div &gt; div &gt; section &gt; div &gt; div &gt; form &gt; fieldset:nth-child(8) &gt; div.col-md-9 &gt; div &gt; div &gt; div &gt; div &gt; div.flex-grow-1.mr-1 &gt; input</arg>
<arg>${GITHUB}</arg>
<doc>Types the given ``text`` into the text field identified by ``locator``.</doc>
<msg timestamp="20210831 10:33:09.590" level="INFO">Typing text 'https://github.com/Aline595' into text field 'css:#__layout &gt; div &gt; div &gt; section &gt; div &gt; div &gt; form &gt; fieldset:nth-child(8) &gt; div.col-md-9 &gt; div &gt; div &gt; div &gt; div &gt; div.flex-grow-1.mr-1 &gt; input'.</msg>
<status status="PASS" starttime="20210831 10:33:09.590" endtime="20210831 10:33:09.728"/>
</kw>
<status status="PASS" starttime="20210831 10:33:09.537" endtime="20210831 10:33:09.729"/>
</kw>
<kw name="Clicar no botão Finalizar" library="Resource">
<kw name="Click Button" library="SeleniumLibrary">
<arg>xpath=//*[@id="__layout"]//button[@type="submit"]</arg>
<doc>Clicks the button identified by ``locator``.</doc>
<msg timestamp="20210831 10:33:09.730" level="INFO">Clicking button 'xpath=//*[@id="__layout"]//button[@type="submit"]'.</msg>
<status status="PASS" starttime="20210831 10:33:09.729" endtime="20210831 10:33:09.811"/>
</kw>
<status status="PASS" starttime="20210831 10:33:09.729" endtime="20210831 10:33:09.811"/>
</kw>
<kw name="Conferir mensagem de erro .Campo obrigatório" library="Resource" sourcename="Conferir mensagem de erro ${ERRO}">
<kw name="Wait Until Element Is Visible" library="SeleniumLibrary">
<arg>css:#__layout &gt; div &gt; div &gt; section &gt; div &gt; div &gt; form &gt; fieldset:nth-child(9) &gt; div.col-md-9 &gt; div &gt; small</arg>
<doc>Waits until the element ``locator`` is visible.</doc>
<status status="PASS" starttime="20210831 10:33:09.813" endtime="20210831 10:33:10.099"/>
</kw>
<kw name="Title Should Be" library="SeleniumLibrary">
<arg>Cadastre seu currículo- Prime Control</arg>
<doc>Verifies that the current page title equals ``title``.</doc>
<msg timestamp="20210831 10:33:10.103" level="INFO">Page title is 'Cadastre seu currículo- Prime Control'.</msg>
<status status="PASS" starttime="20210831 10:33:10.099" endtime="20210831 10:33:10.103"/>
</kw>
<kw name="Element Text Should Be" library="SeleniumLibrary">
<arg>css:#__layout &gt; div &gt; div &gt; section &gt; div &gt; div &gt; form &gt; fieldset:nth-child(9) &gt; div.col-md-9 &gt; div &gt; small</arg>
<arg>${ERRO}</arg>
<doc>Verifies that element ``locator`` contains exact the text ``expected``.</doc>
<msg timestamp="20210831 10:33:10.104" level="INFO">Verifying element 'css:#__layout &gt; div &gt; div &gt; section &gt; div &gt; div &gt; form &gt; fieldset:nth-child(9) &gt; div.col-md-9 &gt; div &gt; small' contains exact text '.Campo obrigatório'.</msg>
<status status="PASS" starttime="20210831 10:33:10.104" endtime="20210831 10:33:10.124"/>
</kw>
<status status="PASS" starttime="20210831 10:33:09.812" endtime="20210831 10:33:10.125"/>
</kw>
<kw name="Fechar navegador" library="Resource" type="TEARDOWN">
<kw name="Close Browser" library="SeleniumLibrary">
<doc>Closes the current browser.</doc>
<status status="PASS" starttime="20210831 10:33:10.126" endtime="20210831 10:33:12.432"/>
</kw>
<status status="PASS" starttime="20210831 10:33:10.126" endtime="20210831 10:33:12.432"/>
</kw>
<status status="PASS" starttime="20210831 10:32:55.434" endtime="20210831 10:33:12.433"/>
</test>
<status status="PASS" starttime="20210831 10:32:20.753" endtime="20210831 10:33:12.434"/>
</suite>
<statistics>
<total>
<stat pass="2" fail="0" skip="0">All Tests</stat>
</total>
<tag>
</tag>
<suite>
<stat pass="2" fail="0" skip="0" id="s1" name="TesteCadastrarCurriculo">TesteCadastrarCurriculo</stat>
</suite>
</statistics>
<errors>
</errors>
</robot>
